{"/Users/juha-pekkavirtanen/FullStack2023/osa5/bloglist-frontend/src/App.jsx": {"path":"/Users/juha-pekkavirtanen/FullStack2023/osa5/bloglist-frontend/src/App.jsx","statementMap":{"0":{"start":{"line":12,"column":21},"end":{"line":18,"column":1}},"1":{"start":{"line":13,"column":2},"end":{"line":15,"column":3}},"2":{"start":{"line":14,"column":4},"end":{"line":14,"column":15}},"3":{"start":{"line":17,"column":2},"end":{"line":17,"column":47}},"4":{"start":{"line":20,"column":21},"end":{"line":26,"column":1}},"5":{"start":{"line":21,"column":2},"end":{"line":23,"column":3}},"6":{"start":{"line":22,"column":4},"end":{"line":22,"column":15}},"7":{"start":{"line":25,"column":2},"end":{"line":25,"column":49}},"8":{"start":{"line":28,"column":12},"end":{"line":195,"column":1}},"9":{"start":{"line":29,"column":28},"end":{"line":29,"column":40}},"10":{"start":{"line":30,"column":42},"end":{"line":30,"column":56}},"11":{"start":{"line":31,"column":35},"end":{"line":31,"column":49}},"12":{"start":{"line":32,"column":34},"end":{"line":32,"column":46}},"13":{"start":{"line":33,"column":34},"end":{"line":33,"column":46}},"14":{"start":{"line":34,"column":26},"end":{"line":34,"column":40}},"15":{"start":{"line":36,"column":2},"end":{"line":38,"column":8}},"16":{"start":{"line":37,"column":4},"end":{"line":37,"column":57}},"17":{"start":{"line":37,"column":41},"end":{"line":37,"column":56}},"18":{"start":{"line":40,"column":2},"end":{"line":47,"column":8}},"19":{"start":{"line":41,"column":27},"end":{"line":41,"column":75}},"20":{"start":{"line":42,"column":4},"end":{"line":46,"column":5}},"21":{"start":{"line":43,"column":19},"end":{"line":43,"column":45}},"22":{"start":{"line":44,"column":6},"end":{"line":44,"column":19}},"23":{"start":{"line":45,"column":6},"end":{"line":45,"column":38}},"24":{"start":{"line":49,"column":22},"end":{"line":72,"column":3}},"25":{"start":{"line":50,"column":4},"end":{"line":50,"column":26}},"26":{"start":{"line":51,"column":4},"end":{"line":51,"column":54}},"27":{"start":{"line":53,"column":4},"end":{"line":71,"column":5}},"28":{"start":{"line":54,"column":19},"end":{"line":57,"column":8}},"29":{"start":{"line":59,"column":6},"end":{"line":59,"column":23}},"30":{"start":{"line":60,"column":6},"end":{"line":60,"column":76}},"31":{"start":{"line":61,"column":6},"end":{"line":61,"column":38}},"32":{"start":{"line":63,"column":6},"end":{"line":63,"column":19}},"33":{"start":{"line":64,"column":6},"end":{"line":64,"column":21}},"34":{"start":{"line":65,"column":6},"end":{"line":65,"column":21}},"35":{"start":{"line":67,"column":6},"end":{"line":67,"column":51}},"36":{"start":{"line":68,"column":6},"end":{"line":70,"column":14}},"37":{"start":{"line":69,"column":8},"end":{"line":69,"column":29}},"38":{"start":{"line":74,"column":23},"end":{"line":81,"column":3}},"39":{"start":{"line":75,"column":4},"end":{"line":75,"column":26}},"40":{"start":{"line":76,"column":4},"end":{"line":76,"column":45}},"41":{"start":{"line":78,"column":4},"end":{"line":78,"column":77}},"42":{"start":{"line":80,"column":4},"end":{"line":80,"column":17}},"43":{"start":{"line":83,"column":20},"end":{"line":91,"column":3}},"44":{"start":{"line":84,"column":4},"end":{"line":84,"column":42}},"45":{"start":{"line":85,"column":20},"end":{"line":85,"column":56}},"46":{"start":{"line":86,"column":4},"end":{"line":86,"column":33}},"47":{"start":{"line":87,"column":4},"end":{"line":87,"column":78}},"48":{"start":{"line":88,"column":4},"end":{"line":90,"column":12}},"49":{"start":{"line":89,"column":6},"end":{"line":89,"column":22}},"50":{"start":{"line":93,"column":21},"end":{"line":129,"column":3}},"51":{"start":{"line":94,"column":23},"end":{"line":94,"column":59}},"52":{"start":{"line":94,"column":44},"end":{"line":94,"column":58}},"53":{"start":{"line":95,"column":4},"end":{"line":95,"column":47}},"54":{"start":{"line":97,"column":4},"end":{"line":128,"column":5}},"55":{"start":{"line":98,"column":24},"end":{"line":104,"column":7}},"56":{"start":{"line":105,"column":6},"end":{"line":105,"column":53}},"57":{"start":{"line":106,"column":27},"end":{"line":108,"column":7}},"58":{"start":{"line":107,"column":8},"end":{"line":107,"column":41}},"59":{"start":{"line":109,"column":6},"end":{"line":109,"column":28}},"60":{"start":{"line":111,"column":24},"end":{"line":122,"column":7}},"61":{"start":{"line":123,"column":6},"end":{"line":123,"column":53}},"62":{"start":{"line":124,"column":27},"end":{"line":126,"column":7}},"63":{"start":{"line":125,"column":8},"end":{"line":125,"column":41}},"64":{"start":{"line":127,"column":6},"end":{"line":127,"column":28}},"65":{"start":{"line":131,"column":23},"end":{"line":145,"column":3}},"66":{"start":{"line":132,"column":25},"end":{"line":132,"column":66}},"67":{"start":{"line":132,"column":51},"end":{"line":132,"column":65}},"68":{"start":{"line":133,"column":23},"end":{"line":133,"column":59}},"69":{"start":{"line":133,"column":44},"end":{"line":133,"column":58}},"70":{"start":{"line":134,"column":4},"end":{"line":144,"column":5}},"71":{"start":{"line":137,"column":27},"end":{"line":140,"column":7}},"72":{"start":{"line":142,"column":6},"end":{"line":142,"column":28}},"73":{"start":{"line":143,"column":6},"end":{"line":143,"column":38}},"74":{"start":{"line":147,"column":22},"end":{"line":147,"column":30}},"75":{"start":{"line":149,"column":2},"end":{"line":152,"column":3}},"76":{"start":{"line":154,"column":2},"end":{"line":166,"column":3}},"77":{"start":{"line":155,"column":4},"end":{"line":165,"column":5}},"78":{"start":{"line":167,"column":2},"end":{"line":194,"column":3}},"79":{"start":{"line":182,"column":24},"end":{"line":182,"column":41}},"80":{"start":{"line":184,"column":10},"end":{"line":191,"column":12}},"81":{"start":{"line":187,"column":30},"end":{"line":187,"column":49}},"82":{"start":{"line":188,"column":32},"end":{"line":188,"column":53}}},"fnMap":{"0":{"name":"(anonymous_0)","decl":{"start":{"line":12,"column":21},"end":{"line":12,"column":22}},"loc":{"start":{"line":12,"column":38},"end":{"line":18,"column":1}},"line":12},"1":{"name":"(anonymous_1)","decl":{"start":{"line":20,"column":21},"end":{"line":20,"column":22}},"loc":{"start":{"line":20,"column":38},"end":{"line":26,"column":1}},"line":20},"2":{"name":"(anonymous_2)","decl":{"start":{"line":28,"column":12},"end":{"line":28,"column":13}},"loc":{"start":{"line":28,"column":18},"end":{"line":195,"column":1}},"line":28},"3":{"name":"(anonymous_3)","decl":{"start":{"line":36,"column":12},"end":{"line":36,"column":13}},"loc":{"start":{"line":36,"column":18},"end":{"line":38,"column":3}},"line":36},"4":{"name":"(anonymous_4)","decl":{"start":{"line":37,"column":30},"end":{"line":37,"column":31}},"loc":{"start":{"line":37,"column":41},"end":{"line":37,"column":56}},"line":37},"5":{"name":"(anonymous_5)","decl":{"start":{"line":40,"column":12},"end":{"line":40,"column":13}},"loc":{"start":{"line":40,"column":18},"end":{"line":47,"column":3}},"line":40},"6":{"name":"(anonymous_6)","decl":{"start":{"line":49,"column":22},"end":{"line":49,"column":23}},"loc":{"start":{"line":49,"column":39},"end":{"line":72,"column":3}},"line":49},"7":{"name":"(anonymous_7)","decl":{"start":{"line":68,"column":17},"end":{"line":68,"column":18}},"loc":{"start":{"line":68,"column":23},"end":{"line":70,"column":7}},"line":68},"8":{"name":"(anonymous_8)","decl":{"start":{"line":74,"column":23},"end":{"line":74,"column":24}},"loc":{"start":{"line":74,"column":40},"end":{"line":81,"column":3}},"line":74},"9":{"name":"(anonymous_9)","decl":{"start":{"line":83,"column":20},"end":{"line":83,"column":21}},"loc":{"start":{"line":83,"column":42},"end":{"line":91,"column":3}},"line":83},"10":{"name":"(anonymous_10)","decl":{"start":{"line":88,"column":15},"end":{"line":88,"column":16}},"loc":{"start":{"line":88,"column":21},"end":{"line":90,"column":5}},"line":88},"11":{"name":"(anonymous_11)","decl":{"start":{"line":93,"column":21},"end":{"line":93,"column":22}},"loc":{"start":{"line":93,"column":35},"end":{"line":129,"column":3}},"line":93},"12":{"name":"(anonymous_12)","decl":{"start":{"line":94,"column":34},"end":{"line":94,"column":35}},"loc":{"start":{"line":94,"column":44},"end":{"line":94,"column":58}},"line":94},"13":{"name":"(anonymous_13)","decl":{"start":{"line":106,"column":37},"end":{"line":106,"column":38}},"loc":{"start":{"line":107,"column":8},"end":{"line":107,"column":41}},"line":107},"14":{"name":"(anonymous_14)","decl":{"start":{"line":124,"column":37},"end":{"line":124,"column":38}},"loc":{"start":{"line":125,"column":8},"end":{"line":125,"column":41}},"line":125},"15":{"name":"(anonymous_15)","decl":{"start":{"line":131,"column":23},"end":{"line":131,"column":24}},"loc":{"start":{"line":131,"column":37},"end":{"line":145,"column":3}},"line":131},"16":{"name":"(anonymous_16)","decl":{"start":{"line":132,"column":41},"end":{"line":132,"column":42}},"loc":{"start":{"line":132,"column":51},"end":{"line":132,"column":65}},"line":132},"17":{"name":"(anonymous_17)","decl":{"start":{"line":133,"column":34},"end":{"line":133,"column":35}},"loc":{"start":{"line":133,"column":44},"end":{"line":133,"column":58}},"line":133},"18":{"name":"(anonymous_18)","decl":{"start":{"line":182,"column":14},"end":{"line":182,"column":15}},"loc":{"start":{"line":182,"column":24},"end":{"line":182,"column":41}},"line":182},"19":{"name":"(anonymous_19)","decl":{"start":{"line":183,"column":13},"end":{"line":183,"column":14}},"loc":{"start":{"line":184,"column":10},"end":{"line":191,"column":12}},"line":184},"20":{"name":"(anonymous_20)","decl":{"start":{"line":187,"column":24},"end":{"line":187,"column":25}},"loc":{"start":{"line":187,"column":30},"end":{"line":187,"column":49}},"line":187},"21":{"name":"(anonymous_21)","decl":{"start":{"line":188,"column":26},"end":{"line":188,"column":27}},"loc":{"start":{"line":188,"column":32},"end":{"line":188,"column":53}},"line":188}},"branchMap":{"0":{"loc":{"start":{"line":13,"column":2},"end":{"line":15,"column":3}},"type":"if","locations":[{"start":{"line":13,"column":2},"end":{"line":15,"column":3}},{"start":{},"end":{}}],"line":13},"1":{"loc":{"start":{"line":21,"column":2},"end":{"line":23,"column":3}},"type":"if","locations":[{"start":{"line":21,"column":2},"end":{"line":23,"column":3}},{"start":{},"end":{}}],"line":21},"2":{"loc":{"start":{"line":42,"column":4},"end":{"line":46,"column":5}},"type":"if","locations":[{"start":{"line":42,"column":4},"end":{"line":46,"column":5}},{"start":{},"end":{}}],"line":42},"3":{"loc":{"start":{"line":97,"column":4},"end":{"line":128,"column":5}},"type":"if","locations":[{"start":{"line":97,"column":4},"end":{"line":128,"column":5}},{"start":{"line":110,"column":11},"end":{"line":128,"column":5}}],"line":97},"4":{"loc":{"start":{"line":97,"column":8},"end":{"line":97,"column":65}},"type":"binary-expr","locations":[{"start":{"line":97,"column":8},"end":{"line":97,"column":32}},{"start":{"line":97,"column":36},"end":{"line":97,"column":65}}],"line":97},"5":{"loc":{"start":{"line":107,"column":8},"end":{"line":107,"column":41}},"type":"cond-expr","locations":[{"start":{"line":107,"column":25},"end":{"line":107,"column":34}},{"start":{"line":107,"column":37},"end":{"line":107,"column":41}}],"line":107},"6":{"loc":{"start":{"line":125,"column":8},"end":{"line":125,"column":41}},"type":"cond-expr","locations":[{"start":{"line":125,"column":25},"end":{"line":125,"column":34}},{"start":{"line":125,"column":37},"end":{"line":125,"column":41}}],"line":125},"7":{"loc":{"start":{"line":134,"column":4},"end":{"line":144,"column":5}},"type":"if","locations":[{"start":{"line":134,"column":4},"end":{"line":144,"column":5}},{"start":{},"end":{}}],"line":134},"8":{"loc":{"start":{"line":154,"column":2},"end":{"line":166,"column":3}},"type":"if","locations":[{"start":{"line":154,"column":2},"end":{"line":166,"column":3}},{"start":{},"end":{}}],"line":154}},"s":{"0":0,"1":0,"2":0,"3":0,"4":0,"5":0,"6":0,"7":0,"8":0,"9":0,"10":0,"11":0,"12":0,"13":0,"14":0,"15":0,"16":0,"17":0,"18":0,"19":0,"20":0,"21":0,"22":0,"23":0,"24":0,"25":0,"26":0,"27":0,"28":0,"29":0,"30":0,"31":0,"32":0,"33":0,"34":0,"35":0,"36":0,"37":0,"38":0,"39":0,"40":0,"41":0,"42":0,"43":0,"44":0,"45":0,"46":0,"47":0,"48":0,"49":0,"50":0,"51":0,"52":0,"53":0,"54":0,"55":0,"56":0,"57":0,"58":0,"59":0,"60":0,"61":0,"62":0,"63":0,"64":0,"65":0,"66":0,"67":0,"68":0,"69":0,"70":0,"71":0,"72":0,"73":0,"74":0,"75":0,"76":0,"77":0,"78":0,"79":0,"80":0,"81":0,"82":0},"f":{"0":0,"1":0,"2":0,"3":0,"4":0,"5":0,"6":0,"7":0,"8":0,"9":0,"10":0,"11":0,"12":0,"13":0,"14":0,"15":0,"16":0,"17":0,"18":0,"19":0,"20":0,"21":0},"b":{"0":[0,0],"1":[0,0],"2":[0,0],"3":[0,0],"4":[0,0],"5":[0,0],"6":[0,0],"7":[0,0],"8":[0,0]}}
,"/Users/juha-pekkavirtanen/FullStack2023/osa5/bloglist-frontend/src/main.jsx": {"path":"/Users/juha-pekkavirtanen/FullStack2023/osa5/bloglist-frontend/src/main.jsx","statementMap":{"0":{"start":{"line":4,"column":0},"end":{"line":4,"column":68}}},"fnMap":{},"branchMap":{},"s":{"0":0},"f":{},"b":{}}
,"/Users/juha-pekkavirtanen/FullStack2023/osa5/bloglist-frontend/src/components/Blog.jsx": {"path":"/Users/juha-pekkavirtanen/FullStack2023/osa5/bloglist-frontend/src/components/Blog.jsx","statementMap":{"0":{"start":{"line":3,"column":13},"end":{"line":55,"column":1}},"1":{"start":{"line":4,"column":20},"end":{"line":10,"column":3}},"2":{"start":{"line":12,"column":32},"end":{"line":12,"column":47}},"3":{"start":{"line":14,"column":26},"end":{"line":14,"column":60}},"4":{"start":{"line":15,"column":26},"end":{"line":15,"column":60}},"5":{"start":{"line":17,"column":27},"end":{"line":19,"column":3}},"6":{"start":{"line":18,"column":4},"end":{"line":18,"column":24}},"7":{"start":{"line":21,"column":2},"end":{"line":54,"column":3}}},"fnMap":{"0":{"name":"(anonymous_0)","decl":{"start":{"line":3,"column":13},"end":{"line":3,"column":14}},"loc":{"start":{"line":3,"column":59},"end":{"line":55,"column":1}},"line":3},"1":{"name":"(anonymous_1)","decl":{"start":{"line":17,"column":27},"end":{"line":17,"column":28}},"loc":{"start":{"line":17,"column":33},"end":{"line":19,"column":3}},"line":17}},"branchMap":{"0":{"loc":{"start":{"line":14,"column":37},"end":{"line":14,"column":58}},"type":"cond-expr","locations":[{"start":{"line":14,"column":47},"end":{"line":14,"column":53}},{"start":{"line":14,"column":56},"end":{"line":14,"column":58}}],"line":14},"1":{"loc":{"start":{"line":15,"column":37},"end":{"line":15,"column":58}},"type":"cond-expr","locations":[{"start":{"line":15,"column":47},"end":{"line":15,"column":49}},{"start":{"line":15,"column":52},"end":{"line":15,"column":58}}],"line":15},"2":{"loc":{"start":{"line":40,"column":9},"end":{"line":44,"column":9}},"type":"cond-expr","locations":[{"start":{"line":41,"column":10},"end":{"line":41,"column":37}},{"start":{"line":43,"column":10},"end":{"line":43,"column":39}}],"line":40},"3":{"loc":{"start":{"line":45,"column":9},"end":{"line":51,"column":9}},"type":"cond-expr","locations":[{"start":{"line":46,"column":10},"end":{"line":48,"column":19}},{"start":{"line":50,"column":10},"end":{"line":50,"column":21}}],"line":45}},"s":{"0":1,"1":5,"2":5,"3":5,"4":5,"5":5,"6":2,"7":5},"f":{"0":5,"1":2},"b":{"0":[2,3],"1":[2,3],"2":[5,0],"3":[5,0]},"_coverageSchema":"1a1c01bbd47fc00a2c39e90264f33305004495a9","hash":"49156cf4866767cd28850e6e0b3fae0a09ad599f"}
,"/Users/juha-pekkavirtanen/FullStack2023/osa5/bloglist-frontend/src/components/BlogForm.jsx": {"path":"/Users/juha-pekkavirtanen/FullStack2023/osa5/bloglist-frontend/src/components/BlogForm.jsx","statementMap":{"0":{"start":{"line":3,"column":16},"end":{"line":49,"column":1}},"1":{"start":{"line":4,"column":34},"end":{"line":4,"column":46}},"2":{"start":{"line":5,"column":36},"end":{"line":5,"column":48}},"3":{"start":{"line":6,"column":30},"end":{"line":6,"column":42}},"4":{"start":{"line":8,"column":20},"end":{"line":19,"column":3}},"5":{"start":{"line":9,"column":4},"end":{"line":9,"column":26}},"6":{"start":{"line":10,"column":4},"end":{"line":14,"column":6}},"7":{"start":{"line":16,"column":4},"end":{"line":16,"column":19}},"8":{"start":{"line":17,"column":4},"end":{"line":17,"column":20}},"9":{"start":{"line":18,"column":4},"end":{"line":18,"column":17}},"10":{"start":{"line":21,"column":2},"end":{"line":48,"column":3}},"11":{"start":{"line":27,"column":29},"end":{"line":27,"column":60}},"12":{"start":{"line":34,"column":29},"end":{"line":34,"column":61}},"13":{"start":{"line":41,"column":29},"end":{"line":41,"column":58}}},"fnMap":{"0":{"name":"(anonymous_0)","decl":{"start":{"line":3,"column":16},"end":{"line":3,"column":17}},"loc":{"start":{"line":3,"column":36},"end":{"line":49,"column":1}},"line":3},"1":{"name":"(anonymous_1)","decl":{"start":{"line":8,"column":20},"end":{"line":8,"column":21}},"loc":{"start":{"line":8,"column":31},"end":{"line":19,"column":3}},"line":8},"2":{"name":"(anonymous_2)","decl":{"start":{"line":27,"column":20},"end":{"line":27,"column":21}},"loc":{"start":{"line":27,"column":29},"end":{"line":27,"column":60}},"line":27},"3":{"name":"(anonymous_3)","decl":{"start":{"line":34,"column":20},"end":{"line":34,"column":21}},"loc":{"start":{"line":34,"column":29},"end":{"line":34,"column":61}},"line":34},"4":{"name":"(anonymous_4)","decl":{"start":{"line":41,"column":20},"end":{"line":41,"column":21}},"loc":{"start":{"line":41,"column":29},"end":{"line":41,"column":58}},"line":41}},"branchMap":{},"s":{"0":1,"1":34,"2":34,"3":34,"4":34,"5":1,"6":1,"7":1,"8":1,"9":1,"10":34,"11":11,"12":12,"13":9},"f":{"0":34,"1":1,"2":11,"3":12,"4":9},"b":{},"_coverageSchema":"1a1c01bbd47fc00a2c39e90264f33305004495a9","hash":"a5cf66bccd91c0aeebf0bc1ecac66cdeb87668b8"}
,"/Users/juha-pekkavirtanen/FullStack2023/osa5/bloglist-frontend/src/components/LoginForm.jsx": {"path":"/Users/juha-pekkavirtanen/FullStack2023/osa5/bloglist-frontend/src/components/LoginForm.jsx","statementMap":{"0":{"start":{"line":1,"column":18},"end":{"line":31,"column":1}},"1":{"start":{"line":2,"column":2},"end":{"line":30,"column":3}},"2":{"start":{"line":14,"column":38},"end":{"line":14,"column":63}},"3":{"start":{"line":24,"column":38},"end":{"line":24,"column":63}}},"fnMap":{"0":{"name":"(anonymous_0)","decl":{"start":{"line":1,"column":18},"end":{"line":1,"column":19}},"loc":{"start":{"line":1,"column":113},"end":{"line":31,"column":1}},"line":1},"1":{"name":"(anonymous_1)","decl":{"start":{"line":14,"column":22},"end":{"line":14,"column":23}},"loc":{"start":{"line":14,"column":38},"end":{"line":14,"column":63}},"line":14},"2":{"name":"(anonymous_2)","decl":{"start":{"line":24,"column":22},"end":{"line":24,"column":23}},"loc":{"start":{"line":24,"column":38},"end":{"line":24,"column":63}},"line":24}},"branchMap":{},"s":{"0":0,"1":0,"2":0,"3":0},"f":{"0":0,"1":0,"2":0},"b":{}}
,"/Users/juha-pekkavirtanen/FullStack2023/osa5/bloglist-frontend/src/components/Togglable.jsx": {"path":"/Users/juha-pekkavirtanen/FullStack2023/osa5/bloglist-frontend/src/components/Togglable.jsx","statementMap":{"0":{"start":{"line":4,"column":18},"end":{"line":31,"column":2}},"1":{"start":{"line":5,"column":32},"end":{"line":5,"column":47}},"2":{"start":{"line":7,"column":26},"end":{"line":7,"column":60}},"3":{"start":{"line":8,"column":26},"end":{"line":8,"column":60}},"4":{"start":{"line":10,"column":27},"end":{"line":12,"column":3}},"5":{"start":{"line":11,"column":4},"end":{"line":11,"column":24}},"6":{"start":{"line":14,"column":2},"end":{"line":18,"column":4}},"7":{"start":{"line":15,"column":4},"end":{"line":17,"column":5}},"8":{"start":{"line":20,"column":2},"end":{"line":30,"column":3}},"9":{"start":{"line":33,"column":0},"end":{"line":35,"column":1}},"10":{"start":{"line":37,"column":0},"end":{"line":37,"column":35}}},"fnMap":{"0":{"name":"(anonymous_0)","decl":{"start":{"line":4,"column":29},"end":{"line":4,"column":30}},"loc":{"start":{"line":4,"column":45},"end":{"line":31,"column":1}},"line":4},"1":{"name":"(anonymous_1)","decl":{"start":{"line":10,"column":27},"end":{"line":10,"column":28}},"loc":{"start":{"line":10,"column":33},"end":{"line":12,"column":3}},"line":10},"2":{"name":"(anonymous_2)","decl":{"start":{"line":14,"column":27},"end":{"line":14,"column":28}},"loc":{"start":{"line":14,"column":33},"end":{"line":18,"column":3}},"line":14}},"branchMap":{"0":{"loc":{"start":{"line":7,"column":37},"end":{"line":7,"column":58}},"type":"cond-expr","locations":[{"start":{"line":7,"column":47},"end":{"line":7,"column":53}},{"start":{"line":7,"column":56},"end":{"line":7,"column":58}}],"line":7},"1":{"loc":{"start":{"line":8,"column":37},"end":{"line":8,"column":58}},"type":"cond-expr","locations":[{"start":{"line":8,"column":47},"end":{"line":8,"column":49}},{"start":{"line":8,"column":52},"end":{"line":8,"column":58}}],"line":8}},"s":{"0":0,"1":0,"2":0,"3":0,"4":0,"5":0,"6":0,"7":0,"8":0,"9":0,"10":0},"f":{"0":0,"1":0,"2":0},"b":{"0":[0,0],"1":[0,0]}}
,"/Users/juha-pekkavirtanen/FullStack2023/osa5/bloglist-frontend/src/services/blogs.js": {"path":"/Users/juha-pekkavirtanen/FullStack2023/osa5/bloglist-frontend/src/services/blogs.js","statementMap":{"0":{"start":{"line":2,"column":16},"end":{"line":2,"column":28}},"1":{"start":{"line":4,"column":12},"end":{"line":4,"column":16}},"2":{"start":{"line":6,"column":17},"end":{"line":8,"column":1}},"3":{"start":{"line":7,"column":2},"end":{"line":7,"column":30}},"4":{"start":{"line":10,"column":15},"end":{"line":13,"column":1}},"5":{"start":{"line":11,"column":18},"end":{"line":11,"column":36}},"6":{"start":{"line":12,"column":2},"end":{"line":12,"column":50}},"7":{"start":{"line":12,"column":36},"end":{"line":12,"column":49}},"8":{"start":{"line":15,"column":15},"end":{"line":22,"column":1}},"9":{"start":{"line":16,"column":17},"end":{"line":18,"column":3}},"10":{"start":{"line":20,"column":19},"end":{"line":20,"column":63}},"11":{"start":{"line":21,"column":2},"end":{"line":21,"column":22}},"12":{"start":{"line":24,"column":12},"end":{"line":30,"column":1}},"13":{"start":{"line":25,"column":17},"end":{"line":27,"column":3}},"14":{"start":{"line":28,"column":19},"end":{"line":28,"column":73}},"15":{"start":{"line":29,"column":2},"end":{"line":29,"column":22}},"16":{"start":{"line":32,"column":19},"end":{"line":38,"column":1}},"17":{"start":{"line":33,"column":17},"end":{"line":35,"column":3}},"18":{"start":{"line":36,"column":19},"end":{"line":36,"column":65}},"19":{"start":{"line":37,"column":2},"end":{"line":37,"column":22}}},"fnMap":{"0":{"name":"(anonymous_0)","decl":{"start":{"line":6,"column":17},"end":{"line":6,"column":18}},"loc":{"start":{"line":6,"column":31},"end":{"line":8,"column":1}},"line":6},"1":{"name":"(anonymous_1)","decl":{"start":{"line":10,"column":15},"end":{"line":10,"column":16}},"loc":{"start":{"line":10,"column":21},"end":{"line":13,"column":1}},"line":10},"2":{"name":"(anonymous_2)","decl":{"start":{"line":12,"column":22},"end":{"line":12,"column":23}},"loc":{"start":{"line":12,"column":36},"end":{"line":12,"column":49}},"line":12},"3":{"name":"(anonymous_3)","decl":{"start":{"line":15,"column":15},"end":{"line":15,"column":16}},"loc":{"start":{"line":15,"column":36},"end":{"line":22,"column":1}},"line":15},"4":{"name":"(anonymous_4)","decl":{"start":{"line":24,"column":12},"end":{"line":24,"column":13}},"loc":{"start":{"line":24,"column":37},"end":{"line":30,"column":1}},"line":24},"5":{"name":"(anonymous_5)","decl":{"start":{"line":32,"column":19},"end":{"line":32,"column":20}},"loc":{"start":{"line":32,"column":33},"end":{"line":38,"column":1}},"line":32}},"branchMap":{},"s":{"0":0,"1":0,"2":0,"3":0,"4":0,"5":0,"6":0,"7":0,"8":0,"9":0,"10":0,"11":0,"12":0,"13":0,"14":0,"15":0,"16":0,"17":0,"18":0,"19":0},"f":{"0":0,"1":0,"2":0,"3":0,"4":0,"5":0},"b":{}}
,"/Users/juha-pekkavirtanen/FullStack2023/osa5/bloglist-frontend/src/services/login.js": {"path":"/Users/juha-pekkavirtanen/FullStack2023/osa5/bloglist-frontend/src/services/login.js","statementMap":{"0":{"start":{"line":2,"column":16},"end":{"line":2,"column":28}},"1":{"start":{"line":4,"column":14},"end":{"line":7,"column":1}},"2":{"start":{"line":5,"column":19},"end":{"line":5,"column":57}},"3":{"start":{"line":6,"column":2},"end":{"line":6,"column":22}}},"fnMap":{"0":{"name":"(anonymous_0)","decl":{"start":{"line":4,"column":14},"end":{"line":4,"column":15}},"loc":{"start":{"line":4,"column":35},"end":{"line":7,"column":1}},"line":4}},"branchMap":{},"s":{"0":1,"1":1,"2":0,"3":0},"f":{"0":0},"b":{},"_coverageSchema":"1a1c01bbd47fc00a2c39e90264f33305004495a9","hash":"ea1d94852edfa992bbe46b49a1d5ee226f66e369"}
}
