TN:
SF:src/App.jsx
FN:12,(anonymous_0)
FN:20,(anonymous_1)
FN:28,(anonymous_2)
FN:36,(anonymous_3)
FN:37,(anonymous_4)
FN:40,(anonymous_5)
FN:49,(anonymous_6)
FN:68,(anonymous_7)
FN:74,(anonymous_8)
FN:83,(anonymous_9)
FN:88,(anonymous_10)
FN:93,(anonymous_11)
FN:94,(anonymous_12)
FN:106,(anonymous_13)
FN:124,(anonymous_14)
FN:131,(anonymous_15)
FN:132,(anonymous_16)
FN:133,(anonymous_17)
FN:182,(anonymous_18)
FN:183,(anonymous_19)
FN:187,(anonymous_20)
FN:188,(anonymous_21)
FNF:22
FNH:0
FNDA:0,(anonymous_0)
FNDA:0,(anonymous_1)
FNDA:0,(anonymous_2)
FNDA:0,(anonymous_3)
FNDA:0,(anonymous_4)
FNDA:0,(anonymous_5)
FNDA:0,(anonymous_6)
FNDA:0,(anonymous_7)
FNDA:0,(anonymous_8)
FNDA:0,(anonymous_9)
FNDA:0,(anonymous_10)
FNDA:0,(anonymous_11)
FNDA:0,(anonymous_12)
FNDA:0,(anonymous_13)
FNDA:0,(anonymous_14)
FNDA:0,(anonymous_15)
FNDA:0,(anonymous_16)
FNDA:0,(anonymous_17)
FNDA:0,(anonymous_18)
FNDA:0,(anonymous_19)
FNDA:0,(anonymous_20)
FNDA:0,(anonymous_21)
DA:12,0
DA:13,0
DA:14,0
DA:17,0
DA:20,0
DA:21,0
DA:22,0
DA:25,0
DA:28,0
DA:29,0
DA:30,0
DA:31,0
DA:32,0
DA:33,0
DA:34,0
DA:36,0
DA:37,0
DA:40,0
DA:41,0
DA:42,0
DA:43,0
DA:44,0
DA:45,0
DA:49,0
DA:50,0
DA:51,0
DA:53,0
DA:54,0
DA:59,0
DA:60,0
DA:61,0
DA:63,0
DA:64,0
DA:65,0
DA:67,0
DA:68,0
DA:69,0
DA:74,0
DA:75,0
DA:76,0
DA:78,0
DA:80,0
DA:83,0
DA:84,0
DA:85,0
DA:86,0
DA:87,0
DA:88,0
DA:89,0
DA:93,0
DA:94,0
DA:95,0
DA:97,0
DA:98,0
DA:105,0
DA:106,0
DA:107,0
DA:109,0
DA:111,0
DA:123,0
DA:124,0
DA:125,0
DA:127,0
DA:131,0
DA:132,0
DA:133,0
DA:134,0
DA:137,0
DA:142,0
DA:143,0
DA:147,0
DA:149,0
DA:154,0
DA:155,0
DA:167,0
DA:182,0
DA:184,0
DA:187,0
DA:188,0
LF:79
LH:0
BRDA:13,0,0,0
BRDA:13,0,1,0
BRDA:21,1,0,0
BRDA:21,1,1,0
BRDA:42,2,0,0
BRDA:42,2,1,0
BRDA:97,3,0,0
BRDA:97,3,1,0
BRDA:97,4,0,0
BRDA:97,4,1,0
BRDA:107,5,0,0
BRDA:107,5,1,0
BRDA:125,6,0,0
BRDA:125,6,1,0
BRDA:134,7,0,0
BRDA:134,7,1,0
BRDA:154,8,0,0
BRDA:154,8,1,0
BRF:18
BRH:0
end_of_record
TN:
SF:src/main.jsx
FNF:0
FNH:0
DA:4,0
LF:1
LH:0
BRF:0
BRH:0
end_of_record
TN:
SF:src/components/Blog.jsx
FN:3,(anonymous_0)
FN:17,(anonymous_1)
FNF:2
FNH:2
FNDA:5,(anonymous_0)
FNDA:2,(anonymous_1)
DA:3,1
DA:4,5
DA:12,5
DA:14,5
DA:15,5
DA:17,5
DA:18,2
DA:21,5
LF:8
LH:8
BRDA:14,0,0,2
BRDA:14,0,1,3
BRDA:15,1,0,2
BRDA:15,1,1,3
BRDA:40,2,0,5
BRDA:40,2,1,0
BRDA:45,3,0,5
BRDA:45,3,1,0
BRF:8
BRH:6
end_of_record
TN:
SF:src/components/BlogForm.jsx
FN:3,(anonymous_0)
FN:8,(anonymous_1)
FN:27,(anonymous_2)
FN:34,(anonymous_3)
FN:41,(anonymous_4)
FNF:5
FNH:5
FNDA:34,(anonymous_0)
FNDA:1,(anonymous_1)
FNDA:11,(anonymous_2)
FNDA:12,(anonymous_3)
FNDA:9,(anonymous_4)
DA:3,1
DA:4,34
DA:5,34
DA:6,34
DA:8,34
DA:9,1
DA:10,1
DA:16,1
DA:17,1
DA:18,1
DA:21,34
DA:27,11
DA:34,12
DA:41,9
LF:14
LH:14
BRF:0
BRH:0
end_of_record
TN:
SF:src/components/LoginForm.jsx
FN:1,(anonymous_0)
FN:14,(anonymous_1)
FN:24,(anonymous_2)
FNF:3
FNH:0
FNDA:0,(anonymous_0)
FNDA:0,(anonymous_1)
FNDA:0,(anonymous_2)
DA:1,0
DA:2,0
DA:14,0
DA:24,0
LF:4
LH:0
BRF:0
BRH:0
end_of_record
TN:
SF:src/components/Togglable.jsx
FN:4,(anonymous_0)
FN:10,(anonymous_1)
FN:14,(anonymous_2)
FNF:3
FNH:0
FNDA:0,(anonymous_0)
FNDA:0,(anonymous_1)
FNDA:0,(anonymous_2)
DA:4,0
DA:5,0
DA:7,0
DA:8,0
DA:10,0
DA:11,0
DA:14,0
DA:15,0
DA:20,0
DA:33,0
DA:37,0
LF:11
LH:0
BRDA:7,0,0,0
BRDA:7,0,1,0
BRDA:8,1,0,0
BRDA:8,1,1,0
BRF:4
BRH:0
end_of_record
TN:
SF:src/services/blogs.js
FN:6,(anonymous_0)
FN:10,(anonymous_1)
FN:12,(anonymous_2)
FN:15,(anonymous_3)
FN:24,(anonymous_4)
FN:32,(anonymous_5)
FNF:6
FNH:0
FNDA:0,(anonymous_0)
FNDA:0,(anonymous_1)
FNDA:0,(anonymous_2)
FNDA:0,(anonymous_3)
FNDA:0,(anonymous_4)
FNDA:0,(anonymous_5)
DA:2,0
DA:4,0
DA:6,0
DA:7,0
DA:10,0
DA:11,0
DA:12,0
DA:15,0
DA:16,0
DA:20,0
DA:21,0
DA:24,0
DA:25,0
DA:28,0
DA:29,0
DA:32,0
DA:33,0
DA:36,0
DA:37,0
LF:19
LH:0
BRF:0
BRH:0
end_of_record
TN:
SF:src/services/login.js
FN:4,(anonymous_0)
FNF:1
FNH:0
FNDA:0,(anonymous_0)
DA:2,1
DA:4,1
DA:5,0
DA:6,0
LF:4
LH:2
BRF:0
BRH:0
end_of_record
